{
  "RSpec": {
    "coverage": {
      "/Users/travisgm/turing/3module/projects/final_proj/sweater_weather/app/models/forecast.rb": {
        "lines": [
          null,
          null,
          1,
          1,
          369,
          183,
          186,
          185,
          null,
          1,
          null,
          null,
          null,
          1,
          183,
          31,
          152,
          31,
          121,
          61,
          60,
          60,
          null,
          null,
          null,
          1,
          185,
          31,
          154,
          32,
          122,
          61,
          61,
          31,
          null,
          30,
          null,
          null,
          null,
          1,
          0,
          null,
          null
        ]
      },
      "/Users/travisgm/turing/3module/projects/final_proj/sweater_weather/app/models/user.rb": {
        "lines": [
          null,
          null,
          1,
          1,
          1,
          1,
          null,
          1,
          1,
          null,
          null,
          1,
          1,
          null,
          null,
          1,
          2,
          2,
          null,
          null,
          1,
          null,
          1,
          6,
          null,
          null
        ]
      },
      "/Users/travisgm/turing/3module/projects/final_proj/sweater_weather/app/models/api_key.rb": {
        "lines": [
          1,
          1,
          7,
          null,
          null
        ]
      },
      "/Users/travisgm/turing/3module/projects/final_proj/sweater_weather/app/serializers/error_serializer.rb": {
        "lines": [
          null,
          null,
          0,
          0,
          0,
          null,
          0
        ],
        "branches": {
        }
      },
      "/Users/travisgm/turing/3module/projects/final_proj/sweater_weather/app/serializers/user_serializer.rb": {
        "lines": [
          null,
          null,
          0,
          0,
          null,
          0,
          0,
          0,
          null,
          0,
          0,
          0,
          0
        ],
        "branches": {
        }
      },
      "/Users/travisgm/turing/3module/projects/final_proj/sweater_weather/app/serializers/image_serializer.rb": {
        "lines": [
          null,
          null,
          0,
          0,
          0,
          0,
          0,
          0,
          0,
          0,
          0,
          0,
          null,
          0,
          0,
          0,
          0,
          0,
          0,
          0,
          0,
          0
        ],
        "branches": {
        }
      },
      "/Users/travisgm/turing/3module/projects/final_proj/sweater_weather/app/serializers/forecast_serializer.rb": {
        "lines": [
          null,
          null,
          0,
          0,
          0,
          0,
          0,
          0,
          0,
          0,
          0,
          0,
          0,
          0,
          0,
          0,
          0,
          0,
          0,
          0,
          null,
          0,
          0,
          0,
          0,
          0,
          0,
          0,
          null,
          0,
          0,
          0,
          0,
          0,
          0,
          0,
          null,
          0,
          0,
          0,
          0,
          0,
          0,
          0,
          0,
          0,
          0,
          0,
          0,
          0,
          null,
          0,
          0,
          0,
          0,
          0,
          0,
          0,
          0,
          0,
          0,
          0,
          0
        ],
        "branches": {
        }
      },
      "/Users/travisgm/turing/3module/projects/final_proj/sweater_weather/app/facades/forecast_facade.rb": {
        "lines": [
          null,
          null,
          0,
          0,
          0,
          0,
          0,
          0
        ],
        "branches": {
        }
      },
      "/Users/travisgm/turing/3module/projects/final_proj/sweater_weather/app/facades/image_facade.rb": {
        "lines": [
          null,
          null,
          0,
          0,
          0,
          0,
          0
        ],
        "branches": {
        }
      },
      "/Users/travisgm/turing/3module/projects/final_proj/sweater_weather/app/POROS/current_weather.rb": {
        "lines": [
          0,
          0,
          0,
          0,
          0,
          0,
          0,
          0,
          0,
          0,
          0,
          null,
          0,
          0,
          0,
          0,
          0,
          0,
          0,
          0,
          0,
          0,
          0,
          0,
          0
        ],
        "branches": {
        }
      },
      "/Users/travisgm/turing/3module/projects/final_proj/sweater_weather/app/POROS/hourly_weather.rb": {
        "lines": [
          0,
          0,
          0,
          0,
          0,
          0,
          null,
          0,
          0,
          0,
          0,
          0,
          0,
          0,
          0
        ],
        "branches": {
        }
      },
      "/Users/travisgm/turing/3module/projects/final_proj/sweater_weather/app/POROS/daily_weather.rb": {
        "lines": [
          0,
          0,
          0,
          0,
          0,
          0,
          0,
          0,
          null,
          0,
          0,
          0,
          0,
          0,
          0,
          0,
          0,
          0,
          0
        ],
        "branches": {
        }
      },
      "/Users/travisgm/turing/3module/projects/final_proj/sweater_weather/app/controllers/application_controller.rb": {
        "lines": [
          null,
          null,
          0,
          0
        ],
        "branches": {
        }
      },
      "/Users/travisgm/turing/3module/projects/final_proj/sweater_weather/app/controllers/api/v1/forecast/search_controller.rb": {
        "lines": [
          null,
          null,
          0,
          0,
          0,
          0,
          0,
          0,
          0,
          0,
          0,
          0,
          0
        ],
        "branches": {
        }
      },
      "/Users/travisgm/turing/3module/projects/final_proj/sweater_weather/app/controllers/api/v1/backgrounds/search_controller.rb": {
        "lines": [
          null,
          null,
          0,
          0,
          0,
          0,
          0,
          0,
          0,
          0,
          0,
          0,
          0
        ],
        "branches": {
        }
      },
      "/Users/travisgm/turing/3module/projects/final_proj/sweater_weather/app/controllers/api/v1/users/user_controller.rb": {
        "lines": [
          null,
          null,
          0,
          0,
          0,
          0,
          0,
          0,
          0,
          0,
          0,
          0,
          0,
          0,
          0,
          0,
          0,
          0,
          0,
          0,
          0,
          0,
          0,
          null,
          0,
          null,
          0,
          0,
          0,
          0,
          0,
          0,
          0
        ],
        "branches": {
        }
      },
      "/Users/travisgm/turing/3module/projects/final_proj/sweater_weather/app/services/image_service.rb": {
        "lines": [
          null,
          null,
          0,
          0,
          0,
          0,
          0,
          0,
          0,
          0
        ],
        "branches": {
        }
      },
      "/Users/travisgm/turing/3module/projects/final_proj/sweater_weather/app/services/geo_code_service.rb": {
        "lines": [
          null,
          null,
          0,
          0,
          0,
          0,
          0,
          0,
          0
        ],
        "branches": {
        }
      },
      "/Users/travisgm/turing/3module/projects/final_proj/sweater_weather/app/services/forecast_service.rb": {
        "lines": [
          null,
          null,
          0,
          0,
          0,
          0,
          0,
          0,
          0
        ],
        "branches": {
        }
      }
    },
    "timestamp": 1604851666
  }
}
