{
  "RSpec": {
    "coverage": {
      "/Users/travisgm/turing/3module/projects/final_proj/sweater_weather/app/POROS/current_weather.rb": {
        "lines": [
          null,
          null,
          1,
          1,
          null,
          null,
          null,
          null,
          null,
          null,
          null,
          null,
          null,
          null,
          1,
          2,
          2,
          2,
          2,
          2,
          2,
          2,
          2,
          2,
          2,
          null,
          null
        ]
      },
      "/Users/travisgm/turing/3module/projects/final_proj/sweater_weather/app/POROS/daily_weather.rb": {
        "lines": [
          null,
          null,
          1,
          1,
          null,
          null,
          null,
          null,
          null,
          null,
          null,
          1,
          6,
          6,
          6,
          6,
          6,
          6,
          6,
          null,
          null
        ]
      },
      "/Users/travisgm/turing/3module/projects/final_proj/sweater_weather/app/POROS/hourly_weather.rb": {
        "lines": [
          null,
          null,
          1,
          1,
          null,
          null,
          null,
          null,
          null,
          null,
          1,
          49,
          49,
          49,
          49,
          49,
          49,
          null,
          null
        ]
      },
      "/Users/travisgm/turing/3module/projects/final_proj/sweater_weather/app/POROS/road_trip.rb": {
        "lines": [
          null,
          null,
          1,
          1,
          null,
          null,
          null,
          null,
          1,
          3,
          3,
          3,
          3,
          null,
          null,
          1,
          3,
          3,
          3,
          1,
          2,
          1,
          null,
          1,
          null,
          null,
          null,
          1,
          3,
          null,
          null,
          null,
          null,
          null
        ]
      },
      "/Users/travisgm/turing/3module/projects/final_proj/sweater_weather/app/models/forecast.rb": {
        "lines": [
          null,
          null,
          1,
          1,
          418,
          224,
          194,
          193,
          null,
          1,
          null,
          null,
          null,
          1,
          224,
          33,
          191,
          35,
          156,
          82,
          74,
          74,
          null,
          null,
          null,
          1,
          193,
          31,
          162,
          34,
          128,
          65,
          63,
          32,
          null,
          31,
          null,
          null,
          null,
          1,
          2,
          null,
          null
        ]
      },
      "/Users/travisgm/turing/3module/projects/final_proj/sweater_weather/app/models/user.rb": {
        "lines": [
          null,
          null,
          1,
          1,
          1,
          1,
          null,
          1,
          1,
          null,
          1,
          1,
          null,
          null,
          1,
          2,
          null,
          null,
          1,
          2,
          null,
          null,
          1,
          null,
          1,
          8,
          null,
          null
        ]
      },
      "/Users/travisgm/turing/3module/projects/final_proj/sweater_weather/app/facades/forecast_facade.rb": {
        "lines": [
          null,
          null,
          1,
          1,
          2,
          2,
          null,
          null
        ]
      },
      "/Users/travisgm/turing/3module/projects/final_proj/sweater_weather/app/services/geo_code_service.rb": {
        "lines": [
          null,
          null,
          1,
          1,
          4,
          null,
          null,
          1,
          4,
          4,
          4,
          null,
          4,
          null,
          null
        ]
      },
      "/Users/travisgm/turing/3module/projects/final_proj/sweater_weather/app/services/forecast_service.rb": {
        "lines": [
          null,
          null,
          1,
          1,
          3,
          null,
          null,
          1,
          3,
          3,
          3,
          3,
          3,
          3,
          3,
          3,
          null,
          3,
          null,
          null
        ]
      },
      "/Users/travisgm/turing/3module/projects/final_proj/sweater_weather/app/facades/image_facade.rb": {
        "lines": [
          null,
          null,
          1,
          1,
          2,
          null,
          null
        ]
      },
      "/Users/travisgm/turing/3module/projects/final_proj/sweater_weather/app/services/image_service.rb": {
        "lines": [
          null,
          null,
          1,
          1,
          2,
          null,
          null,
          1,
          2,
          2,
          2,
          2,
          null,
          2,
          null,
          null,
          null
        ]
      },
      "/Users/travisgm/turing/3module/projects/final_proj/sweater_weather/app/facades/roadtrip_facade.rb": {
        "lines": [
          null,
          null,
          1,
          1,
          2,
          2,
          1,
          1,
          1,
          1,
          null,
          1,
          null,
          null,
          null,
          1,
          2,
          2,
          2,
          2,
          null,
          null,
          1,
          5,
          4,
          null,
          1,
          null,
          null,
          null,
          1,
          4,
          4,
          4,
          null,
          null,
          1,
          1,
          1,
          null,
          null,
          1,
          2,
          null,
          null,
          null,
          null,
          null,
          null,
          null
        ]
      },
      "/Users/travisgm/turing/3module/projects/final_proj/sweater_weather/app/services/map_service.rb": {
        "lines": [
          null,
          null,
          1,
          1,
          2,
          null,
          null,
          1,
          2,
          2,
          2,
          2,
          2,
          null,
          2,
          null,
          null
        ]
      },
      "/Users/travisgm/turing/3module/projects/final_proj/sweater_weather/app/serializers/image_serializer.rb": {
        "lines": [
          null,
          null,
          1,
          1,
          2,
          1,
          1,
          null,
          null,
          null,
          null,
          null,
          null,
          1,
          1,
          null,
          null,
          null,
          null,
          null,
          null,
          null
        ]
      },
      "/Users/travisgm/turing/3module/projects/final_proj/sweater_weather/app/serializers/forecast_serializer.rb": {
        "lines": [
          null,
          null,
          1,
          1,
          2,
          1,
          1,
          1,
          null,
          null,
          null,
          null,
          null,
          null,
          null,
          null,
          null,
          null,
          null,
          null,
          null,
          1,
          1,
          1,
          5,
          null,
          1,
          null,
          null,
          1,
          1,
          1,
          48,
          null,
          1,
          null,
          null,
          1,
          1,
          5,
          null,
          null,
          null,
          null,
          null,
          null,
          null,
          null,
          null,
          null,
          null,
          1,
          1,
          48,
          null,
          null,
          null,
          null,
          null,
          null,
          null,
          null,
          null,
          null
        ]
      },
      "/Users/travisgm/turing/3module/projects/final_proj/sweater_weather/app/models/api_key.rb": {
        "lines": [
          null,
          null,
          1,
          1,
          9,
          null,
          null
        ]
      },
      "/Users/travisgm/turing/3module/projects/final_proj/sweater_weather/app/serializers/error_serializer.rb": {
        "lines": [
          null,
          null,
          1,
          1,
          2,
          null
        ]
      },
      "/Users/travisgm/turing/3module/projects/final_proj/sweater_weather/app/serializers/road_trip_error_serializer.rb": {
        "lines": [
          null,
          null,
          1,
          1,
          2,
          null,
          1,
          1,
          null,
          null,
          1,
          1,
          null,
          null,
          1,
          1,
          null,
          null,
          1,
          1,
          null,
          null
        ]
      },
      "/Users/travisgm/turing/3module/projects/final_proj/sweater_weather/app/serializers/user_serializer.rb": {
        "lines": [
          null,
          null,
          1,
          1,
          null,
          1,
          1,
          null,
          null,
          1,
          1,
          null,
          null
        ]
      }
    },
    "timestamp": 1605066668
  }
}
